app/build/intermediates/manifest_merge_blame_file/debug/manifest-merger-blame-debug-report.txt
1<?xml version="1.0" encoding="utf-8"?>
2<manifest xmlns:android="http://schemas.android.com/apk/res/android"
3    package="com.example.smartway"
4    android:versionCode="1"
5    android:versionName="1.0" >
6
7    <uses-sdk
8        android:minSdkVersion="21"
8-->src\main\AndroidManifest.xml
9        android:targetSdkVersion="33" />
9-->src\main\AndroidManifest.xml
10
11    <application
11-->src\main\AndroidManifest.xml:4:5-68:19
12        android:allowBackup="true"
12-->src\main\AndroidManifest.xml:5:9-35
13        android:appComponentFactory="androidx.core.app.CoreComponentFactory"
13-->[androidx.core:core:1.8.0] AndroidManifest.xml:24:18-86
14        android:debuggable="true"
15        android:icon="@mipmap/ic_launcher"
15-->src\main\AndroidManifest.xml:6:9-43
16        android:label="@string/app_name"
16-->src\main\AndroidManifest.xml:7:9-41
17        android:roundIcon="@mipmap/ic_launcher_round"
17-->src\main\AndroidManifest.xml:8:9-54
18        android:supportsRtl="true"
18-->src\main\AndroidManifest.xml:9:9-35
19        android:testOnly="true"
20        android:theme="@style/Theme.Smartway" >
20-->src\main\AndroidManifest.xml:10:9-46
21        <activity
21-->src\main\AndroidManifest.xml:11:9-17:20
22            android:name="com.example.smartway.SignupActivity"
22-->src\main\AndroidManifest.xml:12:13-43
23            android:exported="false" >
23-->src\main\AndroidManifest.xml:13:13-37
24            <meta-data
24-->src\main\AndroidManifest.xml:14:13-16:36
25                android:name="android.app.lib_name"
25-->src\main\AndroidManifest.xml:15:17-52
26                android:value="" />
26-->src\main\AndroidManifest.xml:16:17-33
27        </activity>
28        <activity
28-->src\main\AndroidManifest.xml:18:9-24:20
29            android:name="com.example.smartway.ServiceItem"
29-->src\main\AndroidManifest.xml:19:13-40
30            android:exported="false" >
30-->src\main\AndroidManifest.xml:20:13-37
31            <meta-data
31-->src\main\AndroidManifest.xml:14:13-16:36
32                android:name="android.app.lib_name"
32-->src\main\AndroidManifest.xml:15:17-52
33                android:value="" />
33-->src\main\AndroidManifest.xml:16:17-33
34        </activity>
35        <activity
35-->src\main\AndroidManifest.xml:25:9-31:20
36            android:name="com.example.smartway.Services"
36-->src\main\AndroidManifest.xml:26:13-37
37            android:exported="false" >
37-->src\main\AndroidManifest.xml:27:13-37
38            <meta-data
38-->src\main\AndroidManifest.xml:14:13-16:36
39                android:name="android.app.lib_name"
39-->src\main\AndroidManifest.xml:15:17-52
40                android:value="" />
40-->src\main\AndroidManifest.xml:16:17-33
41        </activity>
42        <activity
42-->src\main\AndroidManifest.xml:32:9-38:20
43            android:name="com.example.smartway.CategoryItem"
43-->src\main\AndroidManifest.xml:33:13-41
44            android:exported="false" >
44-->src\main\AndroidManifest.xml:34:13-37
45            <meta-data
45-->src\main\AndroidManifest.xml:14:13-16:36
46                android:name="android.app.lib_name"
46-->src\main\AndroidManifest.xml:15:17-52
47                android:value="" />
47-->src\main\AndroidManifest.xml:16:17-33
48        </activity>
49        <activity
49-->src\main\AndroidManifest.xml:39:9-45:20
50            android:name="com.example.smartway.CategoryActivity"
50-->src\main\AndroidManifest.xml:40:13-45
51            android:exported="false" >
51-->src\main\AndroidManifest.xml:41:13-37
52            <meta-data
52-->src\main\AndroidManifest.xml:14:13-16:36
53                android:name="android.app.lib_name"
53-->src\main\AndroidManifest.xml:15:17-52
54                android:value="" />
54-->src\main\AndroidManifest.xml:16:17-33
55        </activity>
56        <activity
56-->src\main\AndroidManifest.xml:46:9-52:20
57            android:name="com.example.smartway.ToolBar"
57-->src\main\AndroidManifest.xml:47:13-36
58            android:exported="false" >
58-->src\main\AndroidManifest.xml:48:13-37
59            <meta-data
59-->src\main\AndroidManifest.xml:14:13-16:36
60                android:name="android.app.lib_name"
60-->src\main\AndroidManifest.xml:15:17-52
61                android:value="" />
61-->src\main\AndroidManifest.xml:16:17-33
62        </activity>
63        <activity
63-->src\main\AndroidManifest.xml:53:9-55:39
64            android:name="com.example.smartway.LoginActivity"
64-->src\main\AndroidManifest.xml:54:13-42
65            android:exported="true" />
65-->src\main\AndroidManifest.xml:55:13-36
66        <activity
66-->src\main\AndroidManifest.xml:56:9-58:39
67            android:name="com.example.smartway.Home"
67-->src\main\AndroidManifest.xml:57:13-33
68            android:exported="true" />
68-->src\main\AndroidManifest.xml:58:13-36
69        <activity
69-->src\main\AndroidManifest.xml:59:9-67:20
70            android:name="com.example.smartway.MainActivity"
70-->src\main\AndroidManifest.xml:60:13-41
71            android:exported="true" >
71-->src\main\AndroidManifest.xml:61:13-36
72            <intent-filter>
72-->src\main\AndroidManifest.xml:62:13-66:29
73                <action android:name="android.intent.action.MAIN" />
73-->src\main\AndroidManifest.xml:63:17-69
73-->src\main\AndroidManifest.xml:63:25-66
74
75                <category android:name="android.intent.category.LAUNCHER" />
75-->src\main\AndroidManifest.xml:65:17-77
75-->src\main\AndroidManifest.xml:65:27-74
76            </intent-filter>
77        </activity>
78
79        <provider
79-->[androidx.emoji2:emoji2:1.2.0] AndroidManifest.xml:24:9-32:20
80            android:name="androidx.startup.InitializationProvider"
80-->[androidx.emoji2:emoji2:1.2.0] AndroidManifest.xml:25:13-67
81            android:authorities="com.example.smartway.androidx-startup"
81-->[androidx.emoji2:emoji2:1.2.0] AndroidManifest.xml:26:13-68
82            android:exported="false" >
82-->[androidx.emoji2:emoji2:1.2.0] AndroidManifest.xml:27:13-37
83            <meta-data
83-->[androidx.emoji2:emoji2:1.2.0] AndroidManifest.xml:29:13-31:52
84                android:name="androidx.emoji2.text.EmojiCompatInitializer"
84-->[androidx.emoji2:emoji2:1.2.0] AndroidManifest.xml:30:17-75
85                android:value="androidx.startup" />
85-->[androidx.emoji2:emoji2:1.2.0] AndroidManifest.xml:31:17-49
86            <meta-data
86-->[androidx.lifecycle:lifecycle-process:2.4.1] AndroidManifest.xml:31:13-33:52
87                android:name="androidx.lifecycle.ProcessLifecycleInitializer"
87-->[androidx.lifecycle:lifecycle-process:2.4.1] AndroidManifest.xml:32:17-78
88                android:value="androidx.startup" />
88-->[androidx.lifecycle:lifecycle-process:2.4.1] AndroidManifest.xml:33:17-49
89        </provider>
90    </application>
91
92</manifest>